[14:26:37:849] [INFO] - org.springframework.boot.StartupInfoLogger.logStarting(StartupInfoLogger.java:48) - Starting VNewsApplication on xuantang-cun with PID 25251 (/home/xuantang/IdeaProjects/VNews-SpringBoot/target/classes started by xuantang in /home/xuantang/IdeaProjects/VNews-SpringBoot)
[14:26:37:852] [INFO] - org.springframework.boot.SpringApplication.logStartupProfileInfo(SpringApplication.java:593) - No active profile set, falling back to default profiles: default
[14:26:39:535] [INFO] - org.springframework.boot.StartupInfoLogger.logStarted(StartupInfoLogger.java:57) - Started VNewsApplication in 1.83 seconds (JVM running for 2.327)
[14:28:55:242] [INFO] - org.springframework.boot.StartupInfoLogger.logStarting(StartupInfoLogger.java:48) - Starting VNewsApplication on xuantang-cun with PID 25775 (/home/xuantang/IdeaProjects/VNews-SpringBoot/target/classes started by xuantang in /home/xuantang/IdeaProjects/VNews-SpringBoot)
[14:28:55:245] [INFO] - org.springframework.boot.SpringApplication.logStartupProfileInfo(SpringApplication.java:593) - No active profile set, falling back to default profiles: default
[14:28:56:773] [INFO] - org.springframework.boot.StartupInfoLogger.logStarted(StartupInfoLogger.java:57) - Started VNewsApplication in 1.692 seconds (JVM running for 2.365)
[14:29:42:086] [INFO] - com.mobine.vnews.service.UserService.register(UserService.java:40) - {"code":400,"message":"fail"}
[14:29:51:058] [INFO] - com.mobine.vnews.service.UserService.register(UserService.java:40) - {"code":400,"message":"fail"}
[14:29:57:110] [INFO] - com.mobine.vnews.service.UserService.register(UserService.java:40) - {"code":400,"message":"fail"}
[14:31:32:188] [INFO] - org.springframework.boot.StartupInfoLogger.logStarting(StartupInfoLogger.java:48) - Starting VNewsApplication on xuantang-cun with PID 26025 (/home/xuantang/IdeaProjects/VNews-SpringBoot/target/classes started by xuantang in /home/xuantang/IdeaProjects/VNews-SpringBoot)
[14:31:32:192] [INFO] - org.springframework.boot.SpringApplication.logStartupProfileInfo(SpringApplication.java:593) - No active profile set, falling back to default profiles: default
[14:31:33:887] [INFO] - org.springframework.boot.StartupInfoLogger.logStarted(StartupInfoLogger.java:57) - Started VNewsApplication in 1.853 seconds (JVM running for 2.342)
[14:31:36:876] [INFO] - com.mobine.vnews.service.UserService.register(UserService.java:40) - {"code":400,"message":"\n### Error updating database.  Cause: com.mysql.jdbc.exceptions.jdbc4.MySQLSyntaxErrorException: You have an error in your SQL syntax; check the manual that corresponds to your MySQL server version for the right syntax to use near '' at line 1\n### The error may involve com.mobine.vnews.mapper.UserMapper.addUser-Inline\n### The error occurred while setting parameters\n### SQL: INSERT INTO user (username, password, telephone) VALUES (?,?,?,#{telephone)\n### Cause: com.mysql.jdbc.exceptions.jdbc4.MySQLSyntaxErrorException: You have an error in your SQL syntax; check the manual that corresponds to your MySQL server version for the right syntax to use near '' at line 1\n; bad SQL grammar []; nested exception is com.mysql.jdbc.exceptions.jdbc4.MySQLSyntaxErrorException: You have an error in your SQL syntax; check the manual that corresponds to your MySQL server version for the right syntax to use near '' at line 1"}
[14:41:38:903] [INFO] - org.springframework.boot.StartupInfoLogger.logStarting(StartupInfoLogger.java:48) - Starting VNewsApplication on xuantang-cun with PID 26969 (/home/xuantang/IdeaProjects/VNews-SpringBoot/target/classes started by xuantang in /home/xuantang/IdeaProjects/VNews-SpringBoot)
[14:41:38:905] [INFO] - org.springframework.boot.SpringApplication.logStartupProfileInfo(SpringApplication.java:593) - No active profile set, falling back to default profiles: default
[14:41:40:435] [INFO] - org.springframework.boot.StartupInfoLogger.logStarted(StartupInfoLogger.java:57) - Started VNewsApplication in 1.673 seconds (JVM running for 2.159)
[14:42:10:684] [INFO] - com.mobine.vnews.service.UserService.register(UserService.java:45) - {"code":400,"message":"\n### Error updating database.  Cause: com.mysql.jdbc.exceptions.jdbc4.MySQLSyntaxErrorException: You have an error in your SQL syntax; check the manual that corresponds to your MySQL server version for the right syntax to use near '' at line 1\n### The error may involve com.mobine.vnews.mapper.UserMapper.addUser-Inline\n### The error occurred while setting parameters\n### SQL: INSERT INTO user (username, password, telephone) VALUES (?,?,?,#{telephone)\n### Cause: com.mysql.jdbc.exceptions.jdbc4.MySQLSyntaxErrorException: You have an error in your SQL syntax; check the manual that corresponds to your MySQL server version for the right syntax to use near '' at line 1\n; bad SQL grammar []; nested exception is com.mysql.jdbc.exceptions.jdbc4.MySQLSyntaxErrorException: You have an error in your SQL syntax; check the manual that corresponds to your MySQL server version for the right syntax to use near '' at line 1"}
[14:43:48:245] [INFO] - org.springframework.boot.StartupInfoLogger.logStarting(StartupInfoLogger.java:48) - Starting VNewsApplication on xuantang-cun with PID 27190 (/home/xuantang/IdeaProjects/VNews-SpringBoot/target/classes started by xuantang in /home/xuantang/IdeaProjects/VNews-SpringBoot)
[14:43:48:249] [INFO] - org.springframework.boot.SpringApplication.logStartupProfileInfo(SpringApplication.java:593) - No active profile set, falling back to default profiles: default
[14:43:49:863] [INFO] - org.springframework.boot.StartupInfoLogger.logStarted(StartupInfoLogger.java:57) - Started VNewsApplication in 1.774 seconds (JVM running for 2.26)
[14:43:55:180] [INFO] - com.mobine.vnews.service.UserService.register(UserService.java:46) - {"code":400,"message":"\n### Error updating database.  Cause: com.mysql.jdbc.exceptions.jdbc4.MySQLSyntaxErrorException: You have an error in your SQL syntax; check the manual that corresponds to your MySQL server version for the right syntax to use near '' at line 1\n### The error may involve com.mobine.vnews.mapper.UserMapper.addUser-Inline\n### The error occurred while setting parameters\n### SQL: INSERT INTO user (username, password, telephone) VALUES (?,?,?,#{telephone)\n### Cause: com.mysql.jdbc.exceptions.jdbc4.MySQLSyntaxErrorException: You have an error in your SQL syntax; check the manual that corresponds to your MySQL server version for the right syntax to use near '' at line 1\n; bad SQL grammar []; nested exception is com.mysql.jdbc.exceptions.jdbc4.MySQLSyntaxErrorException: You have an error in your SQL syntax; check the manual that corresponds to your MySQL server version for the right syntax to use near '' at line 1"}
[14:44:29:680] [INFO] - org.springframework.boot.StartupInfoLogger.logStarting(StartupInfoLogger.java:48) - Starting VNewsApplication on xuantang-cun with PID 27333 (/home/xuantang/IdeaProjects/VNews-SpringBoot/target/classes started by xuantang in /home/xuantang/IdeaProjects/VNews-SpringBoot)
[14:44:29:684] [INFO] - org.springframework.boot.SpringApplication.logStartupProfileInfo(SpringApplication.java:593) - No active profile set, falling back to default profiles: default
[14:44:31:208] [INFO] - org.springframework.boot.StartupInfoLogger.logStarted(StartupInfoLogger.java:57) - Started VNewsApplication in 1.694 seconds (JVM running for 2.193)
[14:44:35:403] [INFO] - com.mobine.vnews.service.UserService.register(UserService.java:46) - {"code":400,"message":"\n### Error updating database.  Cause: com.mysql.jdbc.exceptions.jdbc4.MySQLSyntaxErrorException: You have an error in your SQL syntax; check the manual that corresponds to your MySQL server version for the right syntax to use near '' at line 1\n### The error may involve com.mobine.vnews.mapper.UserMapper.addUser-Inline\n### The error occurred while setting parameters\n### SQL: INSERT INTO user (username, password, telephone) VALUES (?,?,?,?\n### Cause: com.mysql.jdbc.exceptions.jdbc4.MySQLSyntaxErrorException: You have an error in your SQL syntax; check the manual that corresponds to your MySQL server version for the right syntax to use near '' at line 1\n; bad SQL grammar []; nested exception is com.mysql.jdbc.exceptions.jdbc4.MySQLSyntaxErrorException: You have an error in your SQL syntax; check the manual that corresponds to your MySQL server version for the right syntax to use near '' at line 1"}
[14:45:23:840] [INFO] - org.springframework.boot.StartupInfoLogger.logStarting(StartupInfoLogger.java:48) - Starting VNewsApplication on xuantang-cun with PID 27540 (/home/xuantang/IdeaProjects/VNews-SpringBoot/target/classes started by xuantang in /home/xuantang/IdeaProjects/VNews-SpringBoot)
[14:45:23:843] [INFO] - org.springframework.boot.SpringApplication.logStartupProfileInfo(SpringApplication.java:593) - No active profile set, falling back to default profiles: default
[14:45:25:452] [INFO] - org.springframework.boot.StartupInfoLogger.logStarted(StartupInfoLogger.java:57) - Started VNewsApplication in 1.755 seconds (JVM running for 2.248)
[14:45:28:422] [INFO] - com.mobine.vnews.service.UserService.register(UserService.java:37) - 1
[14:45:28:426] [INFO] - com.mobine.vnews.service.UserService.register(UserService.java:46) - {"code":200,"message":"success"}
[06:54:23:132] [INFO] - org.springframework.boot.StartupInfoLogger.logStarting(StartupInfoLogger.java:48) - Starting VNewsApplication on DESKTOP-THKB929 with PID 8348 (C:\Users\123\IdeaProjects\VNews-SpringBoot-master\target\classes started by 123 in C:\Users\123\IdeaProjects\VNews-SpringBoot-master)
[06:54:23:135] [INFO] - org.springframework.boot.SpringApplication.logStartupProfileInfo(SpringApplication.java:593) - No active profile set, falling back to default profiles: default
[06:54:25:256] [INFO] - org.springframework.boot.StartupInfoLogger.logStarted(StartupInfoLogger.java:57) - Started VNewsApplication in 2.338 seconds (JVM running for 3.475)
[07:05:20:350] [INFO] - org.springframework.boot.StartupInfoLogger.logStarting(StartupInfoLogger.java:48) - Starting VNewsApplication on DESKTOP-THKB929 with PID 6976 (C:\Users\123\IdeaProjects\VNews-SpringBoot-master\target\classes started by 123 in C:\Users\123\IdeaProjects\VNews-SpringBoot-master)
[07:05:20:353] [INFO] - org.springframework.boot.SpringApplication.logStartupProfileInfo(SpringApplication.java:593) - No active profile set, falling back to default profiles: default
[07:05:22:461] [INFO] - org.springframework.boot.StartupInfoLogger.logStarted(StartupInfoLogger.java:57) - Started VNewsApplication in 2.355 seconds (JVM running for 3.29)
[07:14:26:962] [INFO] - org.springframework.boot.StartupInfoLogger.logStarting(StartupInfoLogger.java:48) - Starting VNewsApplication on DESKTOP-THKB929 with PID 9128 (C:\Users\123\IdeaProjects\VNews-SpringBoot-master\target\classes started by 123 in C:\Users\123\IdeaProjects\VNews-SpringBoot-master)
[07:14:26:965] [INFO] - org.springframework.boot.SpringApplication.logStartupProfileInfo(SpringApplication.java:593) - No active profile set, falling back to default profiles: default
[07:14:29:123] [INFO] - org.springframework.boot.StartupInfoLogger.logStarted(StartupInfoLogger.java:57) - Started VNewsApplication in 2.389 seconds (JVM running for 3.309)
[07:17:54:270] [INFO] - org.springframework.boot.StartupInfoLogger.logStarting(StartupInfoLogger.java:48) - Starting VNewsApplication on DESKTOP-THKB929 with PID 2936 (C:\Users\123\IdeaProjects\VNews-SpringBoot-master\target\classes started by 123 in C:\Users\123\IdeaProjects\VNews-SpringBoot-master)
[07:17:54:273] [INFO] - org.springframework.boot.SpringApplication.logStartupProfileInfo(SpringApplication.java:593) - No active profile set, falling back to default profiles: default
[07:17:56:200] [INFO] - org.springframework.boot.StartupInfoLogger.logStarted(StartupInfoLogger.java:57) - Started VNewsApplication in 2.11 seconds (JVM running for 2.915)
[07:23:11:953] [INFO] - com.mobine.vnews.service.UserService.register(UserService.java:37) - 1
[07:23:11:960] [INFO] - com.mobine.vnews.service.UserService.register(UserService.java:46) - {"code":200,"message":"success"}
[07:25:35:234] [INFO] - com.mobine.vnews.service.UserService.register(UserService.java:37) - 1
[07:25:35:234] [INFO] - com.mobine.vnews.service.UserService.register(UserService.java:46) - {"code":200,"message":"success"}
[07:25:36:256] [INFO] - com.mobine.vnews.service.UserService.register(UserService.java:37) - 1
[07:25:36:257] [INFO] - com.mobine.vnews.service.UserService.register(UserService.java:46) - {"code":200,"message":"success"}
[07:25:36:983] [INFO] - com.mobine.vnews.service.UserService.register(UserService.java:37) - 1
[07:25:36:984] [INFO] - com.mobine.vnews.service.UserService.register(UserService.java:46) - {"code":200,"message":"success"}
[07:25:37:498] [INFO] - com.mobine.vnews.service.UserService.register(UserService.java:37) - 1
[07:25:37:499] [INFO] - com.mobine.vnews.service.UserService.register(UserService.java:46) - {"code":200,"message":"success"}
[07:25:37:968] [INFO] - com.mobine.vnews.service.UserService.register(UserService.java:37) - 1
[07:25:37:969] [INFO] - com.mobine.vnews.service.UserService.register(UserService.java:46) - {"code":200,"message":"success"}
[07:25:38:478] [INFO] - com.mobine.vnews.service.UserService.register(UserService.java:37) - 1
[07:25:38:478] [INFO] - com.mobine.vnews.service.UserService.register(UserService.java:46) - {"code":200,"message":"success"}
[07:25:38:870] [INFO] - com.mobine.vnews.service.UserService.register(UserService.java:37) - 1
[07:25:38:871] [INFO] - com.mobine.vnews.service.UserService.register(UserService.java:46) - {"code":200,"message":"success"}
[07:25:39:317] [INFO] - com.mobine.vnews.service.UserService.register(UserService.java:37) - 1
[07:25:39:318] [INFO] - com.mobine.vnews.service.UserService.register(UserService.java:46) - {"code":200,"message":"success"}
[07:25:39:693] [INFO] - com.mobine.vnews.service.UserService.register(UserService.java:37) - 1
[07:25:39:693] [INFO] - com.mobine.vnews.service.UserService.register(UserService.java:46) - {"code":200,"message":"success"}
[07:25:40:028] [INFO] - com.mobine.vnews.service.UserService.register(UserService.java:37) - 1
[07:25:40:028] [INFO] - com.mobine.vnews.service.UserService.register(UserService.java:46) - {"code":200,"message":"success"}
[07:25:40:332] [INFO] - com.mobine.vnews.service.UserService.register(UserService.java:37) - 1
[07:25:40:332] [INFO] - com.mobine.vnews.service.UserService.register(UserService.java:46) - {"code":200,"message":"success"}
[07:25:40:654] [INFO] - com.mobine.vnews.service.UserService.register(UserService.java:37) - 1
[07:25:40:655] [INFO] - com.mobine.vnews.service.UserService.register(UserService.java:46) - {"code":200,"message":"success"}
[07:25:40:908] [INFO] - com.mobine.vnews.service.UserService.register(UserService.java:37) - 1
[07:25:40:909] [INFO] - com.mobine.vnews.service.UserService.register(UserService.java:46) - {"code":200,"message":"success"}
[07:25:41:239] [INFO] - com.mobine.vnews.service.UserService.register(UserService.java:37) - 1
[07:25:41:240] [INFO] - com.mobine.vnews.service.UserService.register(UserService.java:46) - {"code":200,"message":"success"}
[07:25:41:488] [INFO] - com.mobine.vnews.service.UserService.register(UserService.java:37) - 1
[07:25:41:488] [INFO] - com.mobine.vnews.service.UserService.register(UserService.java:46) - {"code":200,"message":"success"}
[07:25:41:838] [INFO] - com.mobine.vnews.service.UserService.register(UserService.java:37) - 1
[07:25:41:839] [INFO] - com.mobine.vnews.service.UserService.register(UserService.java:46) - {"code":200,"message":"success"}
[07:25:42:074] [INFO] - com.mobine.vnews.service.UserService.register(UserService.java:37) - 1
[07:25:42:074] [INFO] - com.mobine.vnews.service.UserService.register(UserService.java:46) - {"code":200,"message":"success"}
[07:25:42:316] [INFO] - com.mobine.vnews.service.UserService.register(UserService.java:37) - 1
[07:25:42:317] [INFO] - com.mobine.vnews.service.UserService.register(UserService.java:46) - {"code":200,"message":"success"}
[07:25:42:598] [INFO] - com.mobine.vnews.service.UserService.register(UserService.java:37) - 1
[07:25:42:599] [INFO] - com.mobine.vnews.service.UserService.register(UserService.java:46) - {"code":200,"message":"success"}
[07:25:47:346] [INFO] - com.mobine.vnews.service.UserService.register(UserService.java:37) - 1
[07:25:47:346] [INFO] - com.mobine.vnews.service.UserService.register(UserService.java:46) - {"code":200,"message":"success"}
[07:25:48:145] [INFO] - com.mobine.vnews.service.UserService.register(UserService.java:37) - 1
[07:25:48:146] [INFO] - com.mobine.vnews.service.UserService.register(UserService.java:46) - {"code":200,"message":"success"}
[07:25:48:807] [INFO] - com.mobine.vnews.service.UserService.register(UserService.java:37) - 1
[07:25:48:808] [INFO] - com.mobine.vnews.service.UserService.register(UserService.java:46) - {"code":200,"message":"success"}
[07:25:49:284] [INFO] - com.mobine.vnews.service.UserService.register(UserService.java:37) - 1
[07:25:49:284] [INFO] - com.mobine.vnews.service.UserService.register(UserService.java:46) - {"code":200,"message":"success"}
[07:25:49:679] [INFO] - com.mobine.vnews.service.UserService.register(UserService.java:37) - 1
[07:25:49:680] [INFO] - com.mobine.vnews.service.UserService.register(UserService.java:46) - {"code":200,"message":"success"}
[07:25:50:108] [INFO] - com.mobine.vnews.service.UserService.register(UserService.java:37) - 1
[07:25:50:109] [INFO] - com.mobine.vnews.service.UserService.register(UserService.java:46) - {"code":200,"message":"success"}
[07:25:50:466] [INFO] - com.mobine.vnews.service.UserService.register(UserService.java:37) - 1
[07:25:50:466] [INFO] - com.mobine.vnews.service.UserService.register(UserService.java:46) - {"code":200,"message":"success"}
[07:25:57:476] [INFO] - com.mobine.vnews.service.UserService.register(UserService.java:37) - 1
[07:25:57:477] [INFO] - com.mobine.vnews.service.UserService.register(UserService.java:46) - {"code":200,"message":"success"}
[07:25:58:096] [INFO] - com.mobine.vnews.service.UserService.register(UserService.java:37) - 1
[07:25:58:096] [INFO] - com.mobine.vnews.service.UserService.register(UserService.java:46) - {"code":200,"message":"success"}
[07:25:58:543] [INFO] - com.mobine.vnews.service.UserService.register(UserService.java:37) - 1
[07:25:58:543] [INFO] - com.mobine.vnews.service.UserService.register(UserService.java:46) - {"code":200,"message":"success"}
[07:25:58:847] [INFO] - com.mobine.vnews.service.UserService.register(UserService.java:37) - 1
[07:25:58:848] [INFO] - com.mobine.vnews.service.UserService.register(UserService.java:46) - {"code":200,"message":"success"}
[07:25:59:047] [INFO] - com.mobine.vnews.service.UserService.register(UserService.java:37) - 1
[07:25:59:048] [INFO] - com.mobine.vnews.service.UserService.register(UserService.java:46) - {"code":200,"message":"success"}
[07:25:59:229] [INFO] - com.mobine.vnews.service.UserService.register(UserService.java:37) - 1
[07:25:59:230] [INFO] - com.mobine.vnews.service.UserService.register(UserService.java:46) - {"code":200,"message":"success"}
[07:25:59:457] [INFO] - com.mobine.vnews.service.UserService.register(UserService.java:37) - 1
[07:25:59:457] [INFO] - com.mobine.vnews.service.UserService.register(UserService.java:46) - {"code":200,"message":"success"}
[07:25:59:689] [INFO] - com.mobine.vnews.service.UserService.register(UserService.java:37) - 1
[07:25:59:690] [INFO] - com.mobine.vnews.service.UserService.register(UserService.java:46) - {"code":200,"message":"success"}
[07:26:00:073] [INFO] - com.mobine.vnews.service.UserService.register(UserService.java:37) - 1
[07:26:00:074] [INFO] - com.mobine.vnews.service.UserService.register(UserService.java:46) - {"code":200,"message":"success"}
[14:21:59:283] [INFO] - com.mobine.vnews.service.UserService.register(UserService.java:37) - 1
[14:21:59:284] [INFO] - com.mobine.vnews.service.UserService.register(UserService.java:46) - {"code":200,"message":"success"}
[14:33:15:317] [INFO] - org.springframework.boot.StartupInfoLogger.logStarting(StartupInfoLogger.java:48) - Starting VNewsApplication on DESKTOP-THKB929 with PID 13592 (C:\Users\123\IdeaProjects\VNews-SpringBoot-master\target\classes started by 123 in C:\Users\123\IdeaProjects\VNews-SpringBoot-master)
[14:33:15:320] [INFO] - org.springframework.boot.SpringApplication.logStartupProfileInfo(SpringApplication.java:593) - No active profile set, falling back to default profiles: default
[14:33:17:237] [INFO] - org.springframework.boot.StartupInfoLogger.logStarted(StartupInfoLogger.java:57) - Started VNewsApplication in 2.099 seconds (JVM running for 3.139)
[15:09:00:403] [INFO] - org.springframework.boot.StartupInfoLogger.logStarting(StartupInfoLogger.java:48) - Starting VNewsApplication on DESKTOP-THKB929 with PID 11044 (C:\Users\123\IdeaProjects\VNews-SpringBoot-master\target\classes started by 123 in C:\Users\123\IdeaProjects\VNews-SpringBoot-master)
[15:09:00:406] [INFO] - org.springframework.boot.SpringApplication.logStartupProfileInfo(SpringApplication.java:593) - No active profile set, falling back to default profiles: default
[15:09:02:511] [INFO] - org.springframework.boot.StartupInfoLogger.logStarted(StartupInfoLogger.java:57) - Started VNewsApplication in 2.289 seconds (JVM running for 3.13)
[15:09:03:806] [INFO] - com.mobine.vnews.service.UserService.login(UserService.java:63) - {"code":400,"message":"nested exception is org.apache.ibatis.exceptions.TooManyResultsException: Expected one result (or null) to be returned by selectOne(), but found: 37"}
[15:12:30:159] [INFO] - com.mobine.vnews.service.UserService.login(UserService.java:63) - {"code":400,"message":"nested exception is org.apache.ibatis.exceptions.TooManyResultsException: Expected one result (or null) to be returned by selectOne(), but found: 37"}
[15:12:31:083] [INFO] - com.mobine.vnews.service.UserService.login(UserService.java:63) - {"code":400,"message":"nested exception is org.apache.ibatis.exceptions.TooManyResultsException: Expected one result (or null) to be returned by selectOne(), but found: 37"}
[15:12:35:537] [INFO] - org.springframework.boot.StartupInfoLogger.logStarting(StartupInfoLogger.java:48) - Starting VNewsApplication on DESKTOP-THKB929 with PID 9288 (C:\Users\123\IdeaProjects\VNews-SpringBoot-master\target\classes started by 123 in C:\Users\123\IdeaProjects\VNews-SpringBoot-master)
[15:12:35:541] [INFO] - org.springframework.boot.SpringApplication.logStartupProfileInfo(SpringApplication.java:593) - No active profile set, falling back to default profiles: default
[15:12:37:589] [INFO] - org.springframework.boot.StartupInfoLogger.logStarted(StartupInfoLogger.java:57) - Started VNewsApplication in 2.239 seconds (JVM running for 3.037)
[15:12:38:518] [INFO] - com.mobine.vnews.service.UserService.login(UserService.java:63) - {"code":400,"message":"nested exception is org.apache.ibatis.exceptions.TooManyResultsException: Expected one result (or null) to be returned by selectOne(), but found: 37"}
[15:13:32:675] [INFO] - com.mobine.vnews.service.UserService.login(UserService.java:63) - {"code":400,"message":"nested exception is org.apache.ibatis.exceptions.TooManyResultsException: Expected one result (or null) to be returned by selectOne(), but found: 37"}
[15:13:33:396] [INFO] - com.mobine.vnews.service.UserService.login(UserService.java:63) - {"code":400,"message":"nested exception is org.apache.ibatis.exceptions.TooManyResultsException: Expected one result (or null) to be returned by selectOne(), but found: 37"}
[15:16:15:322] [INFO] - org.springframework.boot.StartupInfoLogger.logStarting(StartupInfoLogger.java:48) - Starting VNewsApplication on DESKTOP-THKB929 with PID 13360 (C:\Users\123\IdeaProjects\VNews-SpringBoot-master\target\classes started by 123 in C:\Users\123\IdeaProjects\VNews-SpringBoot-master)
[15:16:15:326] [INFO] - org.springframework.boot.SpringApplication.logStartupProfileInfo(SpringApplication.java:593) - No active profile set, falling back to default profiles: default
[15:16:17:308] [INFO] - org.springframework.boot.StartupInfoLogger.logStarted(StartupInfoLogger.java:57) - Started VNewsApplication in 2.171 seconds (JVM running for 3.033)
[15:16:54:667] [INFO] - org.springframework.boot.StartupInfoLogger.logStarting(StartupInfoLogger.java:48) - Starting VNewsApplication on DESKTOP-THKB929 with PID 9132 (C:\Users\123\IdeaProjects\VNews-SpringBoot-master\target\classes started by 123 in C:\Users\123\IdeaProjects\VNews-SpringBoot-master)
[15:16:54:670] [INFO] - org.springframework.boot.SpringApplication.logStartupProfileInfo(SpringApplication.java:593) - No active profile set, falling back to default profiles: default
[15:16:56:587] [INFO] - org.springframework.boot.StartupInfoLogger.logStarted(StartupInfoLogger.java:57) - Started VNewsApplication in 2.084 seconds (JVM running for 2.953)
[15:17:02:074] [INFO] - com.mobine.vnews.service.UserService.login(UserService.java:56) - {"password":"abc","username":"abc"}
[15:17:02:077] [INFO] - com.mobine.vnews.service.UserService.login(UserService.java:63) - {"code":200,"message":"success"}
[15:17:27:536] [INFO] - com.mobine.vnews.service.UserService.login(UserService.java:56) - null
[15:17:27:537] [INFO] - com.mobine.vnews.service.UserService.login(UserService.java:63) - {"code":200,"message":"success"}
[15:17:28:437] [INFO] - com.mobine.vnews.service.UserService.login(UserService.java:56) - null
[15:17:28:438] [INFO] - com.mobine.vnews.service.UserService.login(UserService.java:63) - {"code":200,"message":"success"}
[15:17:29:088] [INFO] - com.mobine.vnews.service.UserService.login(UserService.java:56) - null
[15:17:29:089] [INFO] - com.mobine.vnews.service.UserService.login(UserService.java:63) - {"code":200,"message":"success"}
[15:17:29:861] [INFO] - com.mobine.vnews.service.UserService.login(UserService.java:56) - null
[15:17:29:862] [INFO] - com.mobine.vnews.service.UserService.login(UserService.java:63) - {"code":200,"message":"success"}
[15:20:43:293] [INFO] - org.springframework.boot.StartupInfoLogger.logStarting(StartupInfoLogger.java:48) - Starting VNewsApplication on DESKTOP-THKB929 with PID 8144 (C:\Users\123\IdeaProjects\VNews-SpringBoot-master\target\classes started by 123 in C:\Users\123\IdeaProjects\VNews-SpringBoot-master)
[15:20:43:296] [INFO] - org.springframework.boot.SpringApplication.logStartupProfileInfo(SpringApplication.java:593) - No active profile set, falling back to default profiles: default
[15:20:45:304] [INFO] - org.springframework.boot.StartupInfoLogger.logStarted(StartupInfoLogger.java:57) - Started VNewsApplication in 2.185 seconds (JVM running for 2.981)
[15:20:56:416] [INFO] - com.mobine.vnews.service.UserService.login(UserService.java:64) - {"code":400}
[15:22:20:947] [INFO] - com.mobine.vnews.service.UserService.login(UserService.java:57) - {"password":"abc","username":"abc"}
[15:22:20:948] [INFO] - com.mobine.vnews.service.UserService.login(UserService.java:64) - {"code":200,"content":"abc","message":"success"}
[15:22:25:134] [INFO] - com.mobine.vnews.service.UserService.login(UserService.java:64) - {"code":400}
[15:25:32:920] [INFO] - org.springframework.boot.StartupInfoLogger.logStarting(StartupInfoLogger.java:48) - Starting VNewsApplication on DESKTOP-THKB929 with PID 12780 (C:\Users\123\IdeaProjects\VNews-SpringBoot-master\target\classes started by 123 in C:\Users\123\IdeaProjects\VNews-SpringBoot-master)
[15:25:32:923] [INFO] - org.springframework.boot.SpringApplication.logStartupProfileInfo(SpringApplication.java:593) - No active profile set, falling back to default profiles: default
[15:25:34:865] [INFO] - org.springframework.boot.StartupInfoLogger.logStarted(StartupInfoLogger.java:57) - Started VNewsApplication in 2.122 seconds (JVM running for 2.981)
[15:25:41:352] [INFO] - com.mobine.vnews.service.UserService.login(UserService.java:67) - {"code":400}
[15:26:01:470] [INFO] - com.mobine.vnews.service.UserService.login(UserService.java:67) - {"code":400}
[15:26:03:162] [INFO] - com.mobine.vnews.service.UserService.login(UserService.java:67) - {"code":400}
[15:26:03:846] [INFO] - com.mobine.vnews.service.UserService.login(UserService.java:67) - {"code":400}
[15:26:55:958] [INFO] - com.mobine.vnews.service.UserService.login(UserService.java:67) - {"code":400}
[15:26:56:626] [INFO] - com.mobine.vnews.service.UserService.login(UserService.java:67) - {"code":400}
[15:26:57:213] [INFO] - com.mobine.vnews.service.UserService.login(UserService.java:67) - {"code":400}
[15:26:59:935] [INFO] - com.mobine.vnews.service.UserService.login(UserService.java:67) - {"code":400}
[15:27:24:426] [INFO] - org.springframework.boot.StartupInfoLogger.logStarting(StartupInfoLogger.java:48) - Starting VNewsApplication on DESKTOP-THKB929 with PID 1252 (C:\Users\123\IdeaProjects\VNews-SpringBoot-master\target\classes started by 123 in C:\Users\123\IdeaProjects\VNews-SpringBoot-master)
[15:27:24:430] [INFO] - org.springframework.boot.SpringApplication.logStartupProfileInfo(SpringApplication.java:593) - No active profile set, falling back to default profiles: default
[15:27:26:397] [INFO] - org.springframework.boot.StartupInfoLogger.logStarted(StartupInfoLogger.java:57) - Started VNewsApplication in 2.137 seconds (JVM running for 2.983)
[15:27:31:985] [INFO] - com.mobine.vnews.service.UserService.login(UserService.java:56) - null
[15:27:31:989] [INFO] - com.mobine.vnews.service.UserService.login(UserService.java:63) - {"code":200,"message":"success"}
[15:27:37:772] [INFO] - com.mobine.vnews.service.UserService.login(UserService.java:56) - null
[15:27:37:773] [INFO] - com.mobine.vnews.service.UserService.login(UserService.java:63) - {"code":200,"message":"success"}
[15:27:38:848] [INFO] - com.mobine.vnews.service.UserService.login(UserService.java:56) - null
[15:27:38:849] [INFO] - com.mobine.vnews.service.UserService.login(UserService.java:63) - {"code":200,"message":"success"}
[15:27:39:599] [INFO] - com.mobine.vnews.service.UserService.login(UserService.java:56) - null
[15:27:39:599] [INFO] - com.mobine.vnews.service.UserService.login(UserService.java:63) - {"code":200,"message":"success"}
[15:27:41:007] [INFO] - com.mobine.vnews.service.UserService.login(UserService.java:56) - null
[15:27:41:007] [INFO] - com.mobine.vnews.service.UserService.login(UserService.java:63) - {"code":200,"message":"success"}
[15:27:41:565] [INFO] - com.mobine.vnews.service.UserService.login(UserService.java:56) - null
[15:27:41:565] [INFO] - com.mobine.vnews.service.UserService.login(UserService.java:63) - {"code":200,"message":"success"}
[15:27:46:088] [INFO] - com.mobine.vnews.service.UserService.login(UserService.java:56) - null
[15:27:46:088] [INFO] - com.mobine.vnews.service.UserService.login(UserService.java:63) - {"code":200,"message":"success"}
[15:27:46:988] [INFO] - com.mobine.vnews.service.UserService.login(UserService.java:56) - null
[15:27:46:989] [INFO] - com.mobine.vnews.service.UserService.login(UserService.java:63) - {"code":200,"message":"success"}
[15:27:47:446] [INFO] - com.mobine.vnews.service.UserService.login(UserService.java:56) - null
[15:27:47:447] [INFO] - com.mobine.vnews.service.UserService.login(UserService.java:63) - {"code":200,"message":"success"}
[15:27:52:754] [INFO] - com.mobine.vnews.service.UserService.login(UserService.java:56) - null
[15:27:52:755] [INFO] - com.mobine.vnews.service.UserService.login(UserService.java:63) - {"code":200,"message":"success"}
[15:27:53:419] [INFO] - com.mobine.vnews.service.UserService.login(UserService.java:56) - null
[15:27:53:419] [INFO] - com.mobine.vnews.service.UserService.login(UserService.java:63) - {"code":200,"message":"success"}
[15:27:53:638] [INFO] - com.mobine.vnews.service.UserService.login(UserService.java:56) - null
[15:27:53:638] [INFO] - com.mobine.vnews.service.UserService.login(UserService.java:63) - {"code":200,"message":"success"}
[15:27:54:003] [INFO] - com.mobine.vnews.service.UserService.login(UserService.java:56) - null
[15:27:54:004] [INFO] - com.mobine.vnews.service.UserService.login(UserService.java:63) - {"code":200,"message":"success"}
[15:28:46:929] [INFO] - org.springframework.boot.StartupInfoLogger.logStarting(StartupInfoLogger.java:48) - Starting VNewsApplication on DESKTOP-THKB929 with PID 10852 (C:\Users\123\IdeaProjects\VNews-SpringBoot-master\target\classes started by 123 in C:\Users\123\IdeaProjects\VNews-SpringBoot-master)
[15:28:46:933] [INFO] - org.springframework.boot.SpringApplication.logStartupProfileInfo(SpringApplication.java:593) - No active profile set, falling back to default profiles: default
[15:28:48:872] [INFO] - org.springframework.boot.StartupInfoLogger.logStarted(StartupInfoLogger.java:57) - Started VNewsApplication in 2.109 seconds (JVM running for 2.95)
[15:28:54:114] [INFO] - com.mobine.vnews.service.UserService.login(UserService.java:64) - {"code":400,"message":"ssss"}
[15:29:16:431] [INFO] - com.mobine.vnews.service.UserService.login(UserService.java:64) - {"code":400,"message":"ssss"}
[15:29:16:875] [INFO] - com.mobine.vnews.service.UserService.login(UserService.java:64) - {"code":400,"message":"ssss"}
[15:29:19:636] [INFO] - com.mobine.vnews.service.UserService.login(UserService.java:64) - {"code":400,"message":"ssss"}
[15:29:59:186] [INFO] - com.mobine.vnews.service.UserService.login(UserService.java:57) - {"password":"abc","username":"abc"}
[15:29:59:187] [INFO] - com.mobine.vnews.service.UserService.login(UserService.java:64) - {"code":200,"content":"abc","message":"success"}
[15:30:08:529] [INFO] - com.mobine.vnews.service.UserService.login(UserService.java:64) - {"code":400,"message":"ssss"}
[15:30:15:336] [INFO] - com.mobine.vnews.service.UserService.login(UserService.java:57) - {"password":"abc","username":"abc"}
[15:30:15:337] [INFO] - com.mobine.vnews.service.UserService.login(UserService.java:64) - {"code":200,"content":"abc","message":"success"}
[15:30:20:218] [INFO] - com.mobine.vnews.service.UserService.login(UserService.java:64) - {"code":400,"message":"ssss"}
[15:30:25:390] [INFO] - com.mobine.vnews.service.UserService.login(UserService.java:57) - {"password":"abc","username":"abc"}
[15:30:25:390] [INFO] - com.mobine.vnews.service.UserService.login(UserService.java:64) - {"code":200,"content":"abc","message":"success"}
[07:11:35:832] [INFO] - com.mobine.vnews.service.UserService.login(UserService.java:57) - {"password":"abc","username":"abc"}
[07:11:35:844] [INFO] - com.mobine.vnews.service.UserService.login(UserService.java:64) - {"code":200,"content":"abc","message":"success"}
[07:11:44:456] [INFO] - com.mobine.vnews.service.UserService.login(UserService.java:64) - {"code":400,"message":"ssss"}
[07:21:38:128] [INFO] - org.springframework.boot.StartupInfoLogger.logStarting(StartupInfoLogger.java:48) - Starting VNewsApplication on DESKTOP-THKB929 with PID 16936 (C:\Users\123\IdeaProjects\VNews-SpringBoot-master\target\classes started by 123 in C:\Users\123\IdeaProjects\VNews-SpringBoot-master)
[07:21:38:132] [INFO] - org.springframework.boot.SpringApplication.logStartupProfileInfo(SpringApplication.java:593) - No active profile set, falling back to default profiles: default
[07:21:40:294] [INFO] - org.springframework.boot.StartupInfoLogger.logStarted(StartupInfoLogger.java:57) - Started VNewsApplication in 2.345 seconds (JVM running for 3.377)
[07:21:56:063] [INFO] - com.mobine.vnews.service.UserService.login(UserService.java:64) - {"code":400,"message":"login fail"}
[07:22:05:402] [INFO] - com.mobine.vnews.service.UserService.login(UserService.java:57) - {"password":"abc","username":"abc"}
[07:22:05:402] [INFO] - com.mobine.vnews.service.UserService.login(UserService.java:64) - {"code":200,"content":"abc","message":"login success"}
[10:29:43:645] [INFO] - org.springframework.boot.StartupInfoLogger.logStarting(StartupInfoLogger.java:48) - Starting VNewsApplication on DESKTOP-THKB929 with PID 12368 (C:\Users\123\IdeaProjects\VNews-SpringBoot-master\target\classes started by 123 in C:\Users\123\IdeaProjects\VNews-SpringBoot-master)
[10:29:43:648] [INFO] - org.springframework.boot.SpringApplication.logStartupProfileInfo(SpringApplication.java:593) - No active profile set, falling back to default profiles: default
[10:29:45:621] [INFO] - org.springframework.boot.StartupInfoLogger.logStarted(StartupInfoLogger.java:57) - Started VNewsApplication in 2.157 seconds (JVM running for 3.118)
[10:32:56:589] [INFO] - org.springframework.boot.StartupInfoLogger.logStarting(StartupInfoLogger.java:48) - Starting VNewsApplication on DESKTOP-THKB929 with PID 7624 (C:\Users\123\IdeaProjects\VNews-SpringBoot-master\target\classes started by 123 in C:\Users\123\IdeaProjects\VNews-SpringBoot-master)
[10:32:56:593] [INFO] - org.springframework.boot.SpringApplication.logStartupProfileInfo(SpringApplication.java:593) - No active profile set, falling back to default profiles: default
[10:32:58:586] [INFO] - org.springframework.boot.StartupInfoLogger.logStarted(StartupInfoLogger.java:57) - Started VNewsApplication in 2.172 seconds (JVM running for 2.976)
[10:33:35:446] [INFO] - org.springframework.boot.StartupInfoLogger.logStarting(StartupInfoLogger.java:48) - Starting VNewsApplication on DESKTOP-THKB929 with PID 9452 (C:\Users\123\IdeaProjects\VNews-SpringBoot-master\target\classes started by 123 in C:\Users\123\IdeaProjects\VNews-SpringBoot-master)
[10:33:35:449] [INFO] - org.springframework.boot.SpringApplication.logStartupProfileInfo(SpringApplication.java:593) - No active profile set, falling back to default profiles: default
[10:33:37:420] [INFO] - org.springframework.boot.StartupInfoLogger.logStarted(StartupInfoLogger.java:57) - Started VNewsApplication in 2.143 seconds (JVM running for 2.977)
[10:34:25:540] [INFO] - org.springframework.boot.StartupInfoLogger.logStarting(StartupInfoLogger.java:48) - Starting VNewsApplication on DESKTOP-THKB929 with PID 17124 (C:\Users\123\IdeaProjects\VNews-SpringBoot-master\target\classes started by 123 in C:\Users\123\IdeaProjects\VNews-SpringBoot-master)
[10:34:25:543] [INFO] - org.springframework.boot.SpringApplication.logStartupProfileInfo(SpringApplication.java:593) - No active profile set, falling back to default profiles: default
[10:34:27:508] [INFO] - org.springframework.boot.StartupInfoLogger.logStarted(StartupInfoLogger.java:57) - Started VNewsApplication in 2.145 seconds (JVM running for 2.964)
[10:37:29:133] [INFO] - org.springframework.boot.StartupInfoLogger.logStarting(StartupInfoLogger.java:48) - Starting VNewsApplication on DESKTOP-THKB929 with PID 9984 (C:\Users\123\IdeaProjects\VNews-SpringBoot-master\target\classes started by 123 in C:\Users\123\IdeaProjects\VNews-SpringBoot-master)
[10:37:29:136] [INFO] - org.springframework.boot.SpringApplication.logStartupProfileInfo(SpringApplication.java:593) - No active profile set, falling back to default profiles: default
[10:37:31:024] [INFO] - org.springframework.boot.StartupInfoLogger.logStarted(StartupInfoLogger.java:57) - Started VNewsApplication in 2.063 seconds (JVM running for 2.904)
[10:39:53:513] [INFO] - org.springframework.boot.StartupInfoLogger.logStarting(StartupInfoLogger.java:48) - Starting VNewsApplication on DESKTOP-THKB929 with PID 14004 (C:\Users\123\IdeaProjects\VNews-SpringBoot-master\target\classes started by 123 in C:\Users\123\IdeaProjects\VNews-SpringBoot-master)
[10:39:53:516] [INFO] - org.springframework.boot.SpringApplication.logStartupProfileInfo(SpringApplication.java:593) - No active profile set, falling back to default profiles: default
[10:39:55:499] [INFO] - org.springframework.boot.StartupInfoLogger.logStarted(StartupInfoLogger.java:57) - Started VNewsApplication in 2.149 seconds (JVM running for 2.976)
[10:40:28:702] [INFO] - org.springframework.boot.StartupInfoLogger.logStarting(StartupInfoLogger.java:48) - Starting VNewsApplication on DESKTOP-THKB929 with PID 13472 (C:\Users\123\IdeaProjects\VNews-SpringBoot-master\target\classes started by 123 in C:\Users\123\IdeaProjects\VNews-SpringBoot-master)
[10:40:28:705] [INFO] - org.springframework.boot.SpringApplication.logStartupProfileInfo(SpringApplication.java:593) - No active profile set, falling back to default profiles: default
[10:40:30:713] [INFO] - org.springframework.boot.StartupInfoLogger.logStarted(StartupInfoLogger.java:57) - Started VNewsApplication in 2.201 seconds (JVM running for 3.017)
[10:40:49:868] [INFO] - org.springframework.boot.StartupInfoLogger.logStarting(StartupInfoLogger.java:48) - Starting VNewsApplication on DESKTOP-THKB929 with PID 15460 (C:\Users\123\IdeaProjects\VNews-SpringBoot-master\target\classes started by 123 in C:\Users\123\IdeaProjects\VNews-SpringBoot-master)
[10:40:49:872] [INFO] - org.springframework.boot.SpringApplication.logStartupProfileInfo(SpringApplication.java:593) - No active profile set, falling back to default profiles: default
[10:40:51:831] [INFO] - org.springframework.boot.StartupInfoLogger.logStarted(StartupInfoLogger.java:57) - Started VNewsApplication in 2.137 seconds (JVM running for 2.928)
[10:42:03:732] [INFO] - org.springframework.boot.StartupInfoLogger.logStarting(StartupInfoLogger.java:48) - Starting VNewsApplication on DESKTOP-THKB929 with PID 16976 (C:\Users\123\IdeaProjects\VNews-SpringBoot-master\target\classes started by 123 in C:\Users\123\IdeaProjects\VNews-SpringBoot-master)
[10:42:03:736] [INFO] - org.springframework.boot.SpringApplication.logStartupProfileInfo(SpringApplication.java:593) - No active profile set, falling back to default profiles: default
[10:42:06:374] [INFO] - org.springframework.boot.StartupInfoLogger.logStarted(StartupInfoLogger.java:57) - Started VNewsApplication in 2.895 seconds (JVM running for 4.012)
[10:44:00:864] [INFO] - org.springframework.boot.StartupInfoLogger.logStarting(StartupInfoLogger.java:48) - Starting VNewsApplication on DESKTOP-THKB929 with PID 15948 (C:\Users\123\IdeaProjects\VNews-SpringBoot-master\target\classes started by 123 in C:\Users\123\IdeaProjects\VNews-SpringBoot-master)
[10:44:00:868] [INFO] - org.springframework.boot.SpringApplication.logStartupProfileInfo(SpringApplication.java:593) - No active profile set, falling back to default profiles: default
[10:44:03:329] [INFO] - org.springframework.boot.StartupInfoLogger.logStarted(StartupInfoLogger.java:57) - Started VNewsApplication in 2.694 seconds (JVM running for 3.759)
[10:45:05:762] [INFO] - org.springframework.boot.StartupInfoLogger.logStarting(StartupInfoLogger.java:48) - Starting VNewsApplication on DESKTOP-THKB929 with PID 12648 (C:\Users\123\IdeaProjects\VNews-SpringBoot-master\target\classes started by 123 in C:\Users\123\IdeaProjects\VNews-SpringBoot-master)
[10:45:05:766] [INFO] - org.springframework.boot.SpringApplication.logStartupProfileInfo(SpringApplication.java:593) - No active profile set, falling back to default profiles: default
[10:45:07:340] [INFO] - org.springframework.boot.StartupInfoLogger.logStarting(StartupInfoLogger.java:48) - Starting VNewsApplication on DESKTOP-THKB929 with PID 7508 (C:\Users\123\IdeaProjects\VNews-SpringBoot-master\target\classes started by 123 in C:\Users\123\IdeaProjects\VNews-SpringBoot-master)
[10:45:07:344] [INFO] - org.springframework.boot.SpringApplication.logStartupProfileInfo(SpringApplication.java:593) - No active profile set, falling back to default profiles: default
[10:45:09:914] [INFO] - org.springframework.boot.StartupInfoLogger.logStarted(StartupInfoLogger.java:57) - Started VNewsApplication in 2.783 seconds (JVM running for 3.715)
[10:49:11:791] [INFO] - org.springframework.boot.StartupInfoLogger.logStarting(StartupInfoLogger.java:48) - Starting VNewsApplication on DESKTOP-THKB929 with PID 12544 (C:\Users\123\IdeaProjects\VNews-SpringBoot-master\target\classes started by 123 in C:\Users\123\IdeaProjects\VNews-SpringBoot-master)
[10:49:11:794] [INFO] - org.springframework.boot.SpringApplication.logStartupProfileInfo(SpringApplication.java:593) - No active profile set, falling back to default profiles: default
[10:49:13:812] [INFO] - org.springframework.boot.StartupInfoLogger.logStarted(StartupInfoLogger.java:57) - Started VNewsApplication in 2.2 seconds (JVM running for 3.032)
[11:27:56:938] [INFO] - org.springframework.boot.StartupInfoLogger.logStarting(StartupInfoLogger.java:48) - Starting VNewsApplication on DESKTOP-THKB929 with PID 1076 (C:\Users\123\IdeaProjects\VNews-SpringBoot-master\target\classes started by 123 in C:\Users\123\IdeaProjects\VNews-SpringBoot-master)
[11:27:56:942] [INFO] - org.springframework.boot.SpringApplication.logStartupProfileInfo(SpringApplication.java:593) - No active profile set, falling back to default profiles: default
[11:27:58:934] [INFO] - org.springframework.boot.StartupInfoLogger.logStarted(StartupInfoLogger.java:57) - Started VNewsApplication in 2.19 seconds (JVM running for 3.026)
[11:31:27:404] [INFO] - org.springframework.boot.StartupInfoLogger.logStarting(StartupInfoLogger.java:48) - Starting VNewsApplication on DESKTOP-THKB929 with PID 13748 (C:\Users\123\IdeaProjects\VNews-SpringBoot-master\target\classes started by 123 in C:\Users\123\IdeaProjects\VNews-SpringBoot-master)
[11:31:27:408] [INFO] - org.springframework.boot.SpringApplication.logStartupProfileInfo(SpringApplication.java:593) - No active profile set, falling back to default profiles: default
[11:31:29:427] [INFO] - org.springframework.boot.StartupInfoLogger.logStarted(StartupInfoLogger.java:57) - Started VNewsApplication in 2.211 seconds (JVM running for 3.031)
[11:42:11:596] [INFO] - org.springframework.boot.StartupInfoLogger.logStarting(StartupInfoLogger.java:48) - Starting VNewsApplication on DESKTOP-THKB929 with PID 11768 (C:\Users\123\IdeaProjects\VNews-SpringBoot-master\target\classes started by 123 in C:\Users\123\IdeaProjects\VNews-SpringBoot-master)
[11:42:11:599] [INFO] - org.springframework.boot.SpringApplication.logStartupProfileInfo(SpringApplication.java:593) - No active profile set, falling back to default profiles: default
[11:42:13:610] [INFO] - org.springframework.boot.StartupInfoLogger.logStarted(StartupInfoLogger.java:57) - Started VNewsApplication in 2.187 seconds (JVM running for 2.995)
[11:46:33:079] [INFO] - org.springframework.boot.StartupInfoLogger.logStarting(StartupInfoLogger.java:48) - Starting VNewsApplication on DESKTOP-THKB929 with PID 1456 (C:\Users\123\IdeaProjects\VNews-SpringBoot-master\target\classes started by 123 in C:\Users\123\IdeaProjects\VNews-SpringBoot-master)
[11:46:33:082] [INFO] - org.springframework.boot.SpringApplication.logStartupProfileInfo(SpringApplication.java:593) - No active profile set, falling back to default profiles: default
[11:46:35:683] [INFO] - org.springframework.boot.StartupInfoLogger.logStarted(StartupInfoLogger.java:57) - Started VNewsApplication in 2.828 seconds (JVM running for 3.723)
[13:14:45:451] [INFO] - org.springframework.boot.StartupInfoLogger.logStarting(StartupInfoLogger.java:48) - Starting VNewsApplication on DESKTOP-THKB929 with PID 14684 (C:\Users\123\IdeaProjects\VNews-SpringBoot-master\target\classes started by 123 in C:\Users\123\IdeaProjects\VNews-SpringBoot-master)
[13:14:45:454] [INFO] - org.springframework.boot.SpringApplication.logStartupProfileInfo(SpringApplication.java:593) - No active profile set, falling back to default profiles: default
[13:14:47:490] [INFO] - org.springframework.boot.StartupInfoLogger.logStarted(StartupInfoLogger.java:57) - Started VNewsApplication in 2.218 seconds (JVM running for 3.043)
[13:16:01:050] [INFO] - org.springframework.boot.StartupInfoLogger.logStarting(StartupInfoLogger.java:48) - Starting VNewsApplication on DESKTOP-THKB929 with PID 17344 (C:\Users\123\IdeaProjects\VNews-SpringBoot-master\target\classes started by 123 in C:\Users\123\IdeaProjects\VNews-SpringBoot-master)
[13:16:01:054] [INFO] - org.springframework.boot.SpringApplication.logStartupProfileInfo(SpringApplication.java:593) - No active profile set, falling back to default profiles: default
[13:16:02:968] [INFO] - org.springframework.boot.StartupInfoLogger.logStarted(StartupInfoLogger.java:57) - Started VNewsApplication in 2.121 seconds (JVM running for 2.923)
[13:16:20:741] [INFO] - org.springframework.boot.StartupInfoLogger.logStarting(StartupInfoLogger.java:48) - Starting VNewsApplication on DESKTOP-THKB929 with PID 5932 (C:\Users\123\IdeaProjects\VNews-SpringBoot-master\target\classes started by 123 in C:\Users\123\IdeaProjects\VNews-SpringBoot-master)
[13:16:20:744] [INFO] - org.springframework.boot.SpringApplication.logStartupProfileInfo(SpringApplication.java:593) - No active profile set, falling back to default profiles: default
[13:16:22:742] [INFO] - org.springframework.boot.StartupInfoLogger.logStarted(StartupInfoLogger.java:57) - Started VNewsApplication in 2.175 seconds (JVM running for 2.992)
[13:17:00:530] [INFO] - org.springframework.boot.StartupInfoLogger.logStarting(StartupInfoLogger.java:48) - Starting VNewsApplication on DESKTOP-THKB929 with PID 14464 (C:\Users\123\IdeaProjects\VNews-SpringBoot-master\target\classes started by 123 in C:\Users\123\IdeaProjects\VNews-SpringBoot-master)
[13:17:00:534] [INFO] - org.springframework.boot.SpringApplication.logStartupProfileInfo(SpringApplication.java:593) - No active profile set, falling back to default profiles: default
[13:17:02:497] [INFO] - org.springframework.boot.StartupInfoLogger.logStarted(StartupInfoLogger.java:57) - Started VNewsApplication in 2.162 seconds (JVM running for 2.967)
[13:22:12:667] [INFO] - org.springframework.boot.StartupInfoLogger.logStarting(StartupInfoLogger.java:48) - Starting VNewsApplication on DESKTOP-THKB929 with PID 8676 (C:\Users\123\IdeaProjects\VNews-SpringBoot-master\target\classes started by 123 in C:\Users\123\IdeaProjects\VNews-SpringBoot-master)
[13:22:12:671] [INFO] - org.springframework.boot.SpringApplication.logStartupProfileInfo(SpringApplication.java:593) - No active profile set, falling back to default profiles: default
[13:22:14:680] [INFO] - org.springframework.boot.StartupInfoLogger.logStarted(StartupInfoLogger.java:57) - Started VNewsApplication in 2.195 seconds (JVM running for 3.015)
[13:23:07:139] [INFO] - org.springframework.boot.StartupInfoLogger.logStarting(StartupInfoLogger.java:48) - Starting VNewsApplication on DESKTOP-THKB929 with PID 9924 (C:\Users\123\IdeaProjects\VNews-SpringBoot-master\target\classes started by 123 in C:\Users\123\IdeaProjects\VNews-SpringBoot-master)
[13:23:07:143] [INFO] - org.springframework.boot.SpringApplication.logStartupProfileInfo(SpringApplication.java:593) - No active profile set, falling back to default profiles: default
[13:23:09:702] [INFO] - org.springframework.boot.StartupInfoLogger.logStarted(StartupInfoLogger.java:57) - Started VNewsApplication in 2.767 seconds (JVM running for 3.71)
[13:24:25:177] [INFO] - org.springframework.boot.StartupInfoLogger.logStarting(StartupInfoLogger.java:48) - Starting VNewsApplication on DESKTOP-THKB929 with PID 13756 (C:\Users\123\IdeaProjects\VNews-SpringBoot-master\target\classes started by 123 in C:\Users\123\IdeaProjects\VNews-SpringBoot-master)
[13:24:25:180] [INFO] - org.springframework.boot.SpringApplication.logStartupProfileInfo(SpringApplication.java:593) - No active profile set, falling back to default profiles: default
[13:24:27:162] [INFO] - org.springframework.boot.StartupInfoLogger.logStarted(StartupInfoLogger.java:57) - Started VNewsApplication in 2.173 seconds (JVM running for 2.97)
[14:02:19:962] [INFO] - org.springframework.boot.StartupInfoLogger.logStarting(StartupInfoLogger.java:48) - Starting VNewsApplication on DESKTOP-THKB929 with PID 7288 (C:\Users\123\IdeaProjects\VNews-SpringBoot-master\target\classes started by 123 in C:\Users\123\IdeaProjects\VNews-SpringBoot-master)
[14:02:19:965] [INFO] - org.springframework.boot.SpringApplication.logStartupProfileInfo(SpringApplication.java:593) - No active profile set, falling back to default profiles: default
[14:02:21:931] [INFO] - org.springframework.boot.StartupInfoLogger.logStarted(StartupInfoLogger.java:57) - Started VNewsApplication in 2.14 seconds (JVM running for 2.964)
[14:03:14:654] [INFO] - org.springframework.boot.StartupInfoLogger.logStarting(StartupInfoLogger.java:48) - Starting VNewsApplication on DESKTOP-THKB929 with PID 4656 (C:\Users\123\IdeaProjects\VNews-SpringBoot-master\target\classes started by 123 in C:\Users\123\IdeaProjects\VNews-SpringBoot-master)
[14:03:14:658] [INFO] - org.springframework.boot.SpringApplication.logStartupProfileInfo(SpringApplication.java:593) - No active profile set, falling back to default profiles: default
[14:03:17:207] [INFO] - org.springframework.boot.StartupInfoLogger.logStarted(StartupInfoLogger.java:57) - Started VNewsApplication in 2.761 seconds (JVM running for 3.671)
[14:07:23:025] [INFO] - org.springframework.boot.StartupInfoLogger.logStarting(StartupInfoLogger.java:48) - Starting VNewsApplication on DESKTOP-THKB929 with PID 2468 (C:\Users\123\IdeaProjects\VNews-SpringBoot-master\target\classes started by 123 in C:\Users\123\IdeaProjects\VNews-SpringBoot-master)
[14:07:23:029] [INFO] - org.springframework.boot.SpringApplication.logStartupProfileInfo(SpringApplication.java:593) - No active profile set, falling back to default profiles: default
[14:07:25:011] [INFO] - org.springframework.boot.StartupInfoLogger.logStarted(StartupInfoLogger.java:57) - Started VNewsApplication in 2.208 seconds (JVM running for 3.362)
[14:13:11:145] [INFO] - org.springframework.boot.StartupInfoLogger.logStarting(StartupInfoLogger.java:48) - Starting VNewsApplication on DESKTOP-THKB929 with PID 14308 (C:\Users\123\IdeaProjects\VNews-SpringBoot-master\target\classes started by 123 in C:\Users\123\IdeaProjects\VNews-SpringBoot-master)
[14:13:11:149] [INFO] - org.springframework.boot.SpringApplication.logStartupProfileInfo(SpringApplication.java:593) - No active profile set, falling back to default profiles: default
[14:13:13:198] [INFO] - org.springframework.boot.StartupInfoLogger.logStarted(StartupInfoLogger.java:57) - Started VNewsApplication in 2.228 seconds (JVM running for 3.072)
[14:17:26:113] [INFO] - org.springframework.boot.StartupInfoLogger.logStarting(StartupInfoLogger.java:48) - Starting VNewsApplication on DESKTOP-THKB929 with PID 13944 (C:\Users\123\IdeaProjects\VNews-SpringBoot-master\target\classes started by 123 in C:\Users\123\IdeaProjects\VNews-SpringBoot-master)
[14:17:26:117] [INFO] - org.springframework.boot.SpringApplication.logStartupProfileInfo(SpringApplication.java:593) - No active profile set, falling back to default profiles: default
[14:17:28:118] [INFO] - org.springframework.boot.StartupInfoLogger.logStarted(StartupInfoLogger.java:57) - Started VNewsApplication in 2.183 seconds (JVM running for 3.019)
[14:19:01:338] [INFO] - org.springframework.boot.StartupInfoLogger.logStarting(StartupInfoLogger.java:48) - Starting VNewsApplication on DESKTOP-THKB929 with PID 10320 (C:\Users\123\IdeaProjects\VNews-SpringBoot-master\target\classes started by 123 in C:\Users\123\IdeaProjects\VNews-SpringBoot-master)
[14:19:01:343] [INFO] - org.springframework.boot.SpringApplication.logStartupProfileInfo(SpringApplication.java:593) - No active profile set, falling back to default profiles: default
[14:19:03:341] [INFO] - org.springframework.boot.StartupInfoLogger.logStarted(StartupInfoLogger.java:57) - Started VNewsApplication in 2.173 seconds (JVM running for 2.993)
[14:35:51:913] [INFO] - org.springframework.boot.StartupInfoLogger.logStarting(StartupInfoLogger.java:48) - Starting VNewsApplication on DESKTOP-THKB929 with PID 14332 (C:\Users\123\IdeaProjects\VNews-SpringBoot-master\target\classes started by 123 in C:\Users\123\IdeaProjects\VNews-SpringBoot-master)
[14:35:51:916] [INFO] - org.springframework.boot.SpringApplication.logStartupProfileInfo(SpringApplication.java:593) - No active profile set, falling back to default profiles: default
[14:35:53:908] [INFO] - org.springframework.boot.StartupInfoLogger.logStarted(StartupInfoLogger.java:57) - Started VNewsApplication in 2.18 seconds (JVM running for 2.966)
[14:42:12:026] [INFO] - org.springframework.boot.StartupInfoLogger.logStarting(StartupInfoLogger.java:48) - Starting VNewsApplication on DESKTOP-THKB929 with PID 7028 (C:\Users\123\IdeaProjects\VNews-SpringBoot-master\target\classes started by 123 in C:\Users\123\IdeaProjects\VNews-SpringBoot-master)
[14:42:12:030] [INFO] - org.springframework.boot.SpringApplication.logStartupProfileInfo(SpringApplication.java:593) - No active profile set, falling back to default profiles: default
[14:42:14:066] [INFO] - org.springframework.boot.StartupInfoLogger.logStarted(StartupInfoLogger.java:57) - Started VNewsApplication in 2.224 seconds (JVM running for 3.025)
[16:11:28:881] [INFO] - org.springframework.boot.StartupInfoLogger.logStarting(StartupInfoLogger.java:48) - Starting VNewsApplication on DESKTOP-THKB929 with PID 8456 (C:\Users\123\IdeaProjects\VNews-SpringBoot-master\target\classes started by 123 in C:\Users\123\IdeaProjects\VNews-SpringBoot-master)
[16:11:28:885] [INFO] - org.springframework.boot.SpringApplication.logStartupProfileInfo(SpringApplication.java:593) - No active profile set, falling back to default profiles: default
[16:18:45:396] [INFO] - org.springframework.boot.StartupInfoLogger.logStarting(StartupInfoLogger.java:48) - Starting VNewsApplication on DESKTOP-THKB929 with PID 2468 (C:\Users\123\IdeaProjects\VNews-SpringBoot-master\target\classes started by 123 in C:\Users\123\IdeaProjects\VNews-SpringBoot-master)
[16:18:45:399] [INFO] - org.springframework.boot.SpringApplication.logStartupProfileInfo(SpringApplication.java:593) - No active profile set, falling back to default profiles: default
[16:18:47:424] [INFO] - org.springframework.boot.StartupInfoLogger.logStarted(StartupInfoLogger.java:57) - Started VNewsApplication in 2.203 seconds (JVM running for 3.033)
[16:19:58:689] [INFO] - org.springframework.boot.StartupInfoLogger.logStarting(StartupInfoLogger.java:48) - Starting VNewsApplication on DESKTOP-THKB929 with PID 7400 (C:\Users\123\IdeaProjects\VNews-SpringBoot-master\target\classes started by 123 in C:\Users\123\IdeaProjects\VNews-SpringBoot-master)
[16:19:58:692] [INFO] - org.springframework.boot.SpringApplication.logStartupProfileInfo(SpringApplication.java:593) - No active profile set, falling back to default profiles: default
[16:20:00:699] [INFO] - org.springframework.boot.StartupInfoLogger.logStarted(StartupInfoLogger.java:57) - Started VNewsApplication in 2.19 seconds (JVM running for 3.031)
[16:23:45:761] [INFO] - org.springframework.boot.StartupInfoLogger.logStarting(StartupInfoLogger.java:48) - Starting VNewsApplication on DESKTOP-THKB929 with PID 1088 (C:\Users\123\IdeaProjects\VNews-SpringBoot-master\target\classes started by 123 in C:\Users\123\IdeaProjects\VNews-SpringBoot-master)
[16:23:45:764] [INFO] - org.springframework.boot.SpringApplication.logStartupProfileInfo(SpringApplication.java:593) - No active profile set, falling back to default profiles: default
[16:23:47:849] [INFO] - org.springframework.boot.StartupInfoLogger.logStarted(StartupInfoLogger.java:57) - Started VNewsApplication in 2.277 seconds (JVM running for 3.078)
[16:28:00:082] [INFO] - org.springframework.boot.StartupInfoLogger.logStarting(StartupInfoLogger.java:48) - Starting VNewsApplication on DESKTOP-THKB929 with PID 16092 (C:\Users\123\IdeaProjects\VNews-SpringBoot-master\target\classes started by 123 in C:\Users\123\IdeaProjects\VNews-SpringBoot-master)
[16:28:00:085] [INFO] - org.springframework.boot.SpringApplication.logStartupProfileInfo(SpringApplication.java:593) - No active profile set, falling back to default profiles: default
[16:28:02:071] [INFO] - org.springframework.boot.StartupInfoLogger.logStarted(StartupInfoLogger.java:57) - Started VNewsApplication in 2.161 seconds (JVM running for 3.011)
[17:00:54:563] [INFO] - org.springframework.boot.StartupInfoLogger.logStarting(StartupInfoLogger.java:48) - Starting VNewsApplication on DESKTOP-THKB929 with PID 15348 (C:\Users\123\IdeaProjects\VNews-SpringBoot-master\target\classes started by 123 in C:\Users\123\IdeaProjects\VNews-SpringBoot-master)
[17:00:54:566] [INFO] - org.springframework.boot.SpringApplication.logStartupProfileInfo(SpringApplication.java:593) - No active profile set, falling back to default profiles: default
[17:00:56:519] [INFO] - org.springframework.boot.StartupInfoLogger.logStarted(StartupInfoLogger.java:57) - Started VNewsApplication in 2.128 seconds (JVM running for 2.925)
[17:07:25:680] [INFO] - org.springframework.boot.StartupInfoLogger.logStarting(StartupInfoLogger.java:48) - Starting VNewsApplication on DESKTOP-THKB929 with PID 15660 (C:\Users\123\IdeaProjects\VNews-SpringBoot-master\target\classes started by 123 in C:\Users\123\IdeaProjects\VNews-SpringBoot-master)
[17:07:25:684] [INFO] - org.springframework.boot.SpringApplication.logStartupProfileInfo(SpringApplication.java:593) - No active profile set, falling back to default profiles: default
[17:07:27:743] [INFO] - org.springframework.boot.StartupInfoLogger.logStarted(StartupInfoLogger.java:57) - Started VNewsApplication in 2.239 seconds (JVM running for 3.056)
[17:44:30:046] [INFO] - org.springframework.boot.StartupInfoLogger.logStarting(StartupInfoLogger.java:48) - Starting VNewsApplication on DESKTOP-THKB929 with PID 2636 (C:\Users\123\IdeaProjects\VNews-SpringBoot-master\target\classes started by 123 in C:\Users\123\IdeaProjects\VNews-SpringBoot-master)
[17:44:30:049] [INFO] - org.springframework.boot.SpringApplication.logStartupProfileInfo(SpringApplication.java:593) - No active profile set, falling back to default profiles: default
[17:44:32:049] [INFO] - org.springframework.boot.StartupInfoLogger.logStarted(StartupInfoLogger.java:57) - Started VNewsApplication in 2.182 seconds (JVM running for 2.995)
[17:46:04:970] [INFO] - org.springframework.boot.StartupInfoLogger.logStarting(StartupInfoLogger.java:48) - Starting VNewsApplication on DESKTOP-THKB929 with PID 2108 (C:\Users\123\IdeaProjects\VNews-SpringBoot-master\target\classes started by 123 in C:\Users\123\IdeaProjects\VNews-SpringBoot-master)
[17:46:04:973] [INFO] - org.springframework.boot.SpringApplication.logStartupProfileInfo(SpringApplication.java:593) - No active profile set, falling back to default profiles: default
[17:46:06:923] [INFO] - org.springframework.boot.StartupInfoLogger.logStarted(StartupInfoLogger.java:57) - Started VNewsApplication in 2.124 seconds (JVM running for 2.965)
[17:46:52:836] [INFO] - org.springframework.boot.StartupInfoLogger.logStarting(StartupInfoLogger.java:48) - Starting VNewsApplication on DESKTOP-THKB929 with PID 15156 (C:\Users\123\IdeaProjects\VNews-SpringBoot-master\target\classes started by 123 in C:\Users\123\IdeaProjects\VNews-SpringBoot-master)
[17:46:52:839] [INFO] - org.springframework.boot.SpringApplication.logStartupProfileInfo(SpringApplication.java:593) - No active profile set, falling back to default profiles: default
[17:46:54:802] [INFO] - org.springframework.boot.StartupInfoLogger.logStarted(StartupInfoLogger.java:57) - Started VNewsApplication in 2.165 seconds (JVM running for 2.979)
[17:59:07:122] [INFO] - org.springframework.boot.StartupInfoLogger.logStarting(StartupInfoLogger.java:48) - Starting VNewsApplication on DESKTOP-THKB929 with PID 7652 (C:\Users\123\IdeaProjects\VNews-SpringBoot-master\target\classes started by 123 in C:\Users\123\IdeaProjects\VNews-SpringBoot-master)
[17:59:07:125] [INFO] - org.springframework.boot.SpringApplication.logStartupProfileInfo(SpringApplication.java:593) - No active profile set, falling back to default profiles: default
[17:59:09:084] [INFO] - org.springframework.boot.StartupInfoLogger.logStarted(StartupInfoLogger.java:57) - Started VNewsApplication in 2.152 seconds (JVM running for 2.982)
[18:00:53:201] [INFO] - org.springframework.boot.StartupInfoLogger.logStarting(StartupInfoLogger.java:48) - Starting VNewsApplication on DESKTOP-THKB929 with PID 14940 (C:\Users\123\IdeaProjects\VNews-SpringBoot-master\target\classes started by 123 in C:\Users\123\IdeaProjects\VNews-SpringBoot-master)
[18:00:53:205] [INFO] - org.springframework.boot.SpringApplication.logStartupProfileInfo(SpringApplication.java:593) - No active profile set, falling back to default profiles: default
[18:00:55:244] [INFO] - org.springframework.boot.StartupInfoLogger.logStarted(StartupInfoLogger.java:57) - Started VNewsApplication in 2.238 seconds (JVM running for 3.085)
[18:01:34:841] [INFO] - org.springframework.boot.StartupInfoLogger.logStarting(StartupInfoLogger.java:48) - Starting VNewsApplication on DESKTOP-THKB929 with PID 3752 (C:\Users\123\IdeaProjects\VNews-SpringBoot-master\target\classes started by 123 in C:\Users\123\IdeaProjects\VNews-SpringBoot-master)
[18:01:34:844] [INFO] - org.springframework.boot.SpringApplication.logStartupProfileInfo(SpringApplication.java:593) - No active profile set, falling back to default profiles: default
[18:01:36:862] [INFO] - org.springframework.boot.StartupInfoLogger.logStarted(StartupInfoLogger.java:57) - Started VNewsApplication in 2.199 seconds (JVM running for 3.026)
[18:03:16:678] [INFO] - org.springframework.boot.StartupInfoLogger.logStarting(StartupInfoLogger.java:48) - Starting VNewsApplication on DESKTOP-THKB929 with PID 11788 (C:\Users\123\IdeaProjects\VNews-SpringBoot-master\target\classes started by 123 in C:\Users\123\IdeaProjects\VNews-SpringBoot-master)
[18:03:16:682] [INFO] - org.springframework.boot.SpringApplication.logStartupProfileInfo(SpringApplication.java:593) - No active profile set, falling back to default profiles: default
[18:03:19:191] [INFO] - org.springframework.boot.StartupInfoLogger.logStarted(StartupInfoLogger.java:57) - Started VNewsApplication in 2.741 seconds (JVM running for 3.714)
[18:07:41:218] [INFO] - org.springframework.boot.StartupInfoLogger.logStarting(StartupInfoLogger.java:48) - Starting VNewsApplication on DESKTOP-THKB929 with PID 10160 (C:\Users\123\IdeaProjects\VNews-SpringBoot-master\target\classes started by 123 in C:\Users\123\IdeaProjects\VNews-SpringBoot-master)
[18:07:41:223] [INFO] - org.springframework.boot.SpringApplication.logStartupProfileInfo(SpringApplication.java:593) - No active profile set, falling back to default profiles: default
[18:07:43:277] [INFO] - org.springframework.boot.StartupInfoLogger.logStarted(StartupInfoLogger.java:57) - Started VNewsApplication in 2.243 seconds (JVM running for 3.067)
[18:08:13:331] [INFO] - org.springframework.boot.StartupInfoLogger.logStarting(StartupInfoLogger.java:48) - Starting VNewsApplication on DESKTOP-THKB929 with PID 1068 (C:\Users\123\IdeaProjects\VNews-SpringBoot-master\target\classes started by 123 in C:\Users\123\IdeaProjects\VNews-SpringBoot-master)
[18:08:13:335] [INFO] - org.springframework.boot.SpringApplication.logStartupProfileInfo(SpringApplication.java:593) - No active profile set, falling back to default profiles: default
[18:08:15:886] [INFO] - org.springframework.boot.StartupInfoLogger.logStarted(StartupInfoLogger.java:57) - Started VNewsApplication in 2.766 seconds (JVM running for 3.671)
[18:08:21:198] [INFO] - org.springframework.boot.StartupInfoLogger.logStarting(StartupInfoLogger.java:48) - Starting VNewsApplication on DESKTOP-THKB929 with PID 16004 (C:\Users\123\IdeaProjects\VNews-SpringBoot-master\target\classes started by 123 in C:\Users\123\IdeaProjects\VNews-SpringBoot-master)
[18:08:21:202] [INFO] - org.springframework.boot.SpringApplication.logStartupProfileInfo(SpringApplication.java:593) - No active profile set, falling back to default profiles: default
[18:08:23:123] [INFO] - org.springframework.boot.StartupInfoLogger.logStarted(StartupInfoLogger.java:57) - Started VNewsApplication in 2.098 seconds (JVM running for 2.957)
[18:08:40:152] [INFO] - org.springframework.boot.StartupInfoLogger.logStarting(StartupInfoLogger.java:48) - Starting VNewsApplication on DESKTOP-THKB929 with PID 15020 (C:\Users\123\IdeaProjects\VNews-SpringBoot-master\target\classes started by 123 in C:\Users\123\IdeaProjects\VNews-SpringBoot-master)
[18:08:40:155] [INFO] - org.springframework.boot.SpringApplication.logStartupProfileInfo(SpringApplication.java:593) - No active profile set, falling back to default profiles: default
[18:08:42:199] [INFO] - org.springframework.boot.StartupInfoLogger.logStarted(StartupInfoLogger.java:57) - Started VNewsApplication in 2.212 seconds (JVM running for 3.044)
[18:08:45:416] [INFO] - org.springframework.boot.StartupInfoLogger.logStarting(StartupInfoLogger.java:48) - Starting VNewsApplication on DESKTOP-THKB929 with PID 17224 (C:\Users\123\IdeaProjects\VNews-SpringBoot-master\target\classes started by 123 in C:\Users\123\IdeaProjects\VNews-SpringBoot-master)
[18:08:45:420] [INFO] - org.springframework.boot.SpringApplication.logStartupProfileInfo(SpringApplication.java:593) - No active profile set, falling back to default profiles: default
[18:08:47:885] [INFO] - org.springframework.boot.StartupInfoLogger.logStarted(StartupInfoLogger.java:57) - Started VNewsApplication in 2.673 seconds (JVM running for 3.588)
[18:11:16:480] [INFO] - org.springframework.boot.StartupInfoLogger.logStarting(StartupInfoLogger.java:48) - Starting VNewsApplication on DESKTOP-THKB929 with PID 9032 (C:\Users\123\IdeaProjects\VNews-SpringBoot-master\target\classes started by 123 in C:\Users\123\IdeaProjects\VNews-SpringBoot-master)
[18:11:16:484] [INFO] - org.springframework.boot.SpringApplication.logStartupProfileInfo(SpringApplication.java:593) - No active profile set, falling back to default profiles: default
[18:11:18:418] [INFO] - org.springframework.boot.StartupInfoLogger.logStarted(StartupInfoLogger.java:57) - Started VNewsApplication in 2.11 seconds (JVM running for 2.949)
[18:16:12:210] [INFO] - org.springframework.boot.StartupInfoLogger.logStarting(StartupInfoLogger.java:48) - Starting VNewsApplication on DESKTOP-THKB929 with PID 1096 (C:\Users\123\IdeaProjects\VNews-SpringBoot-master\target\classes started by 123 in C:\Users\123\IdeaProjects\VNews-SpringBoot-master)
[18:16:12:213] [INFO] - org.springframework.boot.SpringApplication.logStartupProfileInfo(SpringApplication.java:593) - No active profile set, falling back to default profiles: default
[18:16:14:263] [INFO] - org.springframework.boot.StartupInfoLogger.logStarted(StartupInfoLogger.java:57) - Started VNewsApplication in 2.247 seconds (JVM running for 3.057)
[18:27:31:081] [INFO] - org.springframework.boot.StartupInfoLogger.logStarting(StartupInfoLogger.java:48) - Starting VNewsApplication on DESKTOP-THKB929 with PID 5104 (C:\Users\123\IdeaProjects\VNews-SpringBoot-master\target\classes started by 123 in C:\Users\123\IdeaProjects\VNews-SpringBoot-master)
[18:27:31:084] [INFO] - org.springframework.boot.SpringApplication.logStartupProfileInfo(SpringApplication.java:593) - No active profile set, falling back to default profiles: default
[18:29:27:048] [INFO] - org.springframework.boot.StartupInfoLogger.logStarting(StartupInfoLogger.java:48) - Starting VNewsApplication on DESKTOP-THKB929 with PID 604 (C:\Users\123\IdeaProjects\VNews-SpringBoot-master\target\classes started by 123 in C:\Users\123\IdeaProjects\VNews-SpringBoot-master)
[18:29:27:052] [INFO] - org.springframework.boot.SpringApplication.logStartupProfileInfo(SpringApplication.java:593) - No active profile set, falling back to default profiles: default
[18:29:29:023] [INFO] - org.springframework.boot.StartupInfoLogger.logStarted(StartupInfoLogger.java:57) - Started VNewsApplication in 2.151 seconds (JVM running for 2.959)
[20:33:12:320] [INFO] - org.springframework.boot.StartupInfoLogger.logStarting(StartupInfoLogger.java:48) - Starting VNewsApplication on DESKTOP-THKB929 with PID 17380 (C:\Users\123\IdeaProjects\VNews-SpringBoot-master\target\classes started by 123 in C:\Users\123\IdeaProjects\VNews-SpringBoot-master)
[20:33:12:324] [INFO] - org.springframework.boot.SpringApplication.logStartupProfileInfo(SpringApplication.java:593) - No active profile set, falling back to default profiles: default
[20:33:14:301] [INFO] - org.springframework.boot.StartupInfoLogger.logStarted(StartupInfoLogger.java:57) - Started VNewsApplication in 2.207 seconds (JVM running for 3.222)
[20:35:25:602] [INFO] - org.springframework.boot.StartupInfoLogger.logStarting(StartupInfoLogger.java:48) - Starting VNewsApplication on DESKTOP-THKB929 with PID 9316 (C:\Users\123\IdeaProjects\VNews-SpringBoot-master\target\classes started by 123 in C:\Users\123\IdeaProjects\VNews-SpringBoot-master)
[20:35:25:606] [INFO] - org.springframework.boot.SpringApplication.logStartupProfileInfo(SpringApplication.java:593) - No active profile set, falling back to default profiles: default
[20:35:28:156] [INFO] - org.springframework.boot.StartupInfoLogger.logStarted(StartupInfoLogger.java:57) - Started VNewsApplication in 2.815 seconds (JVM running for 3.911)
[20:42:22:607] [INFO] - org.springframework.boot.StartupInfoLogger.logStarting(StartupInfoLogger.java:48) - Starting VNewsApplication on DESKTOP-THKB929 with PID 15688 (C:\Users\123\IdeaProjects\VNews-SpringBoot-master\target\classes started by 123 in C:\Users\123\IdeaProjects\VNews-SpringBoot-master)
[20:42:22:611] [INFO] - org.springframework.boot.SpringApplication.logStartupProfileInfo(SpringApplication.java:593) - No active profile set, falling back to default profiles: default
[20:42:24:600] [INFO] - org.springframework.boot.StartupInfoLogger.logStarted(StartupInfoLogger.java:57) - Started VNewsApplication in 2.171 seconds (JVM running for 3.036)
[20:42:47:045] [INFO] - org.springframework.boot.StartupInfoLogger.logStarting(StartupInfoLogger.java:48) - Starting VNewsApplication on DESKTOP-THKB929 with PID 10496 (C:\Users\123\IdeaProjects\VNews-SpringBoot-master\target\classes started by 123 in C:\Users\123\IdeaProjects\VNews-SpringBoot-master)
[20:42:47:049] [INFO] - org.springframework.boot.SpringApplication.logStartupProfileInfo(SpringApplication.java:593) - No active profile set, falling back to default profiles: default
[20:42:49:635] [INFO] - org.springframework.boot.StartupInfoLogger.logStarted(StartupInfoLogger.java:57) - Started VNewsApplication in 2.809 seconds (JVM running for 3.767)
[20:44:01:615] [INFO] - org.springframework.boot.StartupInfoLogger.logStarting(StartupInfoLogger.java:48) - Starting VNewsApplication on DESKTOP-THKB929 with PID 14864 (C:\Users\123\IdeaProjects\VNews-SpringBoot-master\target\classes started by 123 in C:\Users\123\IdeaProjects\VNews-SpringBoot-master)
[20:44:01:619] [INFO] - org.springframework.boot.SpringApplication.logStartupProfileInfo(SpringApplication.java:593) - No active profile set, falling back to default profiles: default
[20:44:04:233] [INFO] - org.springframework.boot.StartupInfoLogger.logStarted(StartupInfoLogger.java:57) - Started VNewsApplication in 2.864 seconds (JVM running for 3.802)
[20:48:24:235] [INFO] - org.springframework.boot.StartupInfoLogger.logStarting(StartupInfoLogger.java:48) - Starting VNewsApplication on DESKTOP-THKB929 with PID 12384 (C:\Users\123\IdeaProjects\VNews-SpringBoot-master\target\classes started by 123 in C:\Users\123\IdeaProjects\VNews-SpringBoot-master)
[20:48:24:239] [INFO] - org.springframework.boot.SpringApplication.logStartupProfileInfo(SpringApplication.java:593) - No active profile set, falling back to default profiles: default
[20:48:26:363] [INFO] - org.springframework.boot.StartupInfoLogger.logStarted(StartupInfoLogger.java:57) - Started VNewsApplication in 2.308 seconds (JVM running for 3.157)
[20:49:02:291] [INFO] - org.springframework.boot.StartupInfoLogger.logStarting(StartupInfoLogger.java:48) - Starting VNewsApplication on DESKTOP-THKB929 with PID 15356 (C:\Users\123\IdeaProjects\VNews-SpringBoot-master\target\classes started by 123 in C:\Users\123\IdeaProjects\VNews-SpringBoot-master)
[20:49:02:294] [INFO] - org.springframework.boot.SpringApplication.logStartupProfileInfo(SpringApplication.java:593) - No active profile set, falling back to default profiles: default
[20:49:04:812] [INFO] - org.springframework.boot.StartupInfoLogger.logStarted(StartupInfoLogger.java:57) - Started VNewsApplication in 2.744 seconds (JVM running for 3.664)
[20:53:46:775] [INFO] - org.springframework.boot.StartupInfoLogger.logStarting(StartupInfoLogger.java:48) - Starting VNewsApplication on DESKTOP-THKB929 with PID 16648 (C:\Users\123\IdeaProjects\VNews-SpringBoot-master\target\classes started by 123 in C:\Users\123\IdeaProjects\VNews-SpringBoot-master)
[20:53:46:779] [INFO] - org.springframework.boot.SpringApplication.logStartupProfileInfo(SpringApplication.java:593) - No active profile set, falling back to default profiles: default
[20:53:48:765] [INFO] - org.springframework.boot.StartupInfoLogger.logStarted(StartupInfoLogger.java:57) - Started VNewsApplication in 2.172 seconds (JVM running for 2.978)
[20:54:11:671] [INFO] - org.springframework.boot.StartupInfoLogger.logStarting(StartupInfoLogger.java:48) - Starting VNewsApplication on DESKTOP-THKB929 with PID 14856 (C:\Users\123\IdeaProjects\VNews-SpringBoot-master\target\classes started by 123 in C:\Users\123\IdeaProjects\VNews-SpringBoot-master)
[20:54:11:675] [INFO] - org.springframework.boot.SpringApplication.logStartupProfileInfo(SpringApplication.java:593) - No active profile set, falling back to default profiles: default
[20:54:14:200] [INFO] - org.springframework.boot.StartupInfoLogger.logStarted(StartupInfoLogger.java:57) - Started VNewsApplication in 2.744 seconds (JVM running for 3.658)
[20:54:53:246] [INFO] - org.springframework.boot.StartupInfoLogger.logStarting(StartupInfoLogger.java:48) - Starting VNewsApplication on DESKTOP-THKB929 with PID 4004 (C:\Users\123\IdeaProjects\VNews-SpringBoot-master\target\classes started by 123 in C:\Users\123\IdeaProjects\VNews-SpringBoot-master)
[20:54:53:250] [INFO] - org.springframework.boot.SpringApplication.logStartupProfileInfo(SpringApplication.java:593) - No active profile set, falling back to default profiles: default
[20:54:55:287] [INFO] - org.springframework.boot.StartupInfoLogger.logStarted(StartupInfoLogger.java:57) - Started VNewsApplication in 2.223 seconds (JVM running for 3.073)
[20:55:16:429] [INFO] - org.springframework.boot.StartupInfoLogger.logStarting(StartupInfoLogger.java:48) - Starting VNewsApplication on DESKTOP-THKB929 with PID 6116 (C:\Users\123\IdeaProjects\VNews-SpringBoot-master\target\classes started by 123 in C:\Users\123\IdeaProjects\VNews-SpringBoot-master)
[20:55:16:432] [INFO] - org.springframework.boot.SpringApplication.logStartupProfileInfo(SpringApplication.java:593) - No active profile set, falling back to default profiles: default
[20:55:18:921] [INFO] - org.springframework.boot.StartupInfoLogger.logStarted(StartupInfoLogger.java:57) - Started VNewsApplication in 2.713 seconds (JVM running for 3.676)
[20:55:35:896] [INFO] - org.springframework.boot.StartupInfoLogger.logStarting(StartupInfoLogger.java:48) - Starting VNewsApplication on DESKTOP-THKB929 with PID 9524 (C:\Users\123\IdeaProjects\VNews-SpringBoot-master\target\classes started by 123 in C:\Users\123\IdeaProjects\VNews-SpringBoot-master)
[20:55:35:899] [INFO] - org.springframework.boot.SpringApplication.logStartupProfileInfo(SpringApplication.java:593) - No active profile set, falling back to default profiles: default
[20:55:37:953] [INFO] - org.springframework.boot.StartupInfoLogger.logStarted(StartupInfoLogger.java:57) - Started VNewsApplication in 2.233 seconds (JVM running for 3.093)
[20:55:51:271] [INFO] - org.springframework.boot.StartupInfoLogger.logStarting(StartupInfoLogger.java:48) - Starting VNewsApplication on DESKTOP-THKB929 with PID 17312 (C:\Users\123\IdeaProjects\VNews-SpringBoot-master\target\classes started by 123 in C:\Users\123\IdeaProjects\VNews-SpringBoot-master)
[20:55:51:275] [INFO] - org.springframework.boot.SpringApplication.logStartupProfileInfo(SpringApplication.java:593) - No active profile set, falling back to default profiles: default
[20:55:53:858] [INFO] - org.springframework.boot.StartupInfoLogger.logStarted(StartupInfoLogger.java:57) - Started VNewsApplication in 2.802 seconds (JVM running for 3.739)
[20:57:39:160] [INFO] - org.springframework.boot.StartupInfoLogger.logStarting(StartupInfoLogger.java:48) - Starting VNewsApplication on DESKTOP-THKB929 with PID 16192 (C:\Users\123\IdeaProjects\VNews-SpringBoot-master\target\classes started by 123 in C:\Users\123\IdeaProjects\VNews-SpringBoot-master)
[20:57:39:166] [INFO] - org.springframework.boot.SpringApplication.logStartupProfileInfo(SpringApplication.java:593) - No active profile set, falling back to default profiles: default
[20:57:41:746] [INFO] - org.springframework.boot.StartupInfoLogger.logStarted(StartupInfoLogger.java:57) - Started VNewsApplication in 2.816 seconds (JVM running for 3.735)
[21:01:22:876] [INFO] - org.springframework.boot.StartupInfoLogger.logStarting(StartupInfoLogger.java:48) - Starting VNewsApplication on DESKTOP-THKB929 with PID 15980 (C:\Users\123\IdeaProjects\VNews-SpringBoot-master\target\classes started by 123 in C:\Users\123\IdeaProjects\VNews-SpringBoot-master)
[21:01:22:879] [INFO] - org.springframework.boot.SpringApplication.logStartupProfileInfo(SpringApplication.java:593) - No active profile set, falling back to default profiles: default
[21:01:24:964] [INFO] - org.springframework.boot.StartupInfoLogger.logStarted(StartupInfoLogger.java:57) - Started VNewsApplication in 2.266 seconds (JVM running for 3.116)
[21:01:50:312] [INFO] - org.springframework.boot.StartupInfoLogger.logStarting(StartupInfoLogger.java:48) - Starting VNewsApplication on DESKTOP-THKB929 with PID 6176 (C:\Users\123\IdeaProjects\VNews-SpringBoot-master\target\classes started by 123 in C:\Users\123\IdeaProjects\VNews-SpringBoot-master)
[21:01:50:315] [INFO] - org.springframework.boot.SpringApplication.logStartupProfileInfo(SpringApplication.java:593) - No active profile set, falling back to default profiles: default
[21:01:52:299] [INFO] - org.springframework.boot.StartupInfoLogger.logStarted(StartupInfoLogger.java:57) - Started VNewsApplication in 2.165 seconds (JVM running for 2.994)
[21:02:39:071] [INFO] - org.springframework.boot.StartupInfoLogger.logStarting(StartupInfoLogger.java:48) - Starting VNewsApplication on DESKTOP-THKB929 with PID 10440 (C:\Users\123\IdeaProjects\VNews-SpringBoot-master\target\classes started by 123 in C:\Users\123\IdeaProjects\VNews-SpringBoot-master)
[21:02:39:075] [INFO] - org.springframework.boot.SpringApplication.logStartupProfileInfo(SpringApplication.java:593) - No active profile set, falling back to default profiles: default
[21:02:41:142] [INFO] - org.springframework.boot.StartupInfoLogger.logStarted(StartupInfoLogger.java:57) - Started VNewsApplication in 2.261 seconds (JVM running for 3.111)
[21:03:42:267] [INFO] - org.springframework.boot.StartupInfoLogger.logStarting(StartupInfoLogger.java:48) - Starting VNewsApplication on DESKTOP-THKB929 with PID 11788 (C:\Users\123\IdeaProjects\VNews-SpringBoot-master\target\classes started by 123 in C:\Users\123\IdeaProjects\VNews-SpringBoot-master)
[21:03:42:271] [INFO] - org.springframework.boot.SpringApplication.logStartupProfileInfo(SpringApplication.java:593) - No active profile set, falling back to default profiles: default
[21:03:44:188] [INFO] - org.springframework.boot.StartupInfoLogger.logStarted(StartupInfoLogger.java:57) - Started VNewsApplication in 2.107 seconds (JVM running for 2.956)
[21:05:05:522] [INFO] - org.springframework.boot.StartupInfoLogger.logStarting(StartupInfoLogger.java:48) - Starting VNewsApplication on DESKTOP-THKB929 with PID 15792 (C:\Users\123\IdeaProjects\VNews-SpringBoot-master\target\classes started by 123 in C:\Users\123\IdeaProjects\VNews-SpringBoot-master)
[21:05:05:530] [INFO] - org.springframework.boot.SpringApplication.logStartupProfileInfo(SpringApplication.java:593) - No active profile set, falling back to default profiles: default
[21:05:07:541] [INFO] - org.springframework.boot.StartupInfoLogger.logStarted(StartupInfoLogger.java:57) - Started VNewsApplication in 2.225 seconds (JVM running for 3.045)
[21:44:54:013] [INFO] - org.springframework.boot.StartupInfoLogger.logStarting(StartupInfoLogger.java:48) - Starting VNewsApplication on DESKTOP-THKB929 with PID 11120 (C:\Users\123\IdeaProjects\VNews-SpringBoot-master\target\classes started by 123 in C:\Users\123\IdeaProjects\VNews-SpringBoot-master)
[21:44:54:017] [INFO] - org.springframework.boot.SpringApplication.logStartupProfileInfo(SpringApplication.java:593) - No active profile set, falling back to default profiles: default
[21:44:55:967] [INFO] - org.springframework.boot.StartupInfoLogger.logStarted(StartupInfoLogger.java:57) - Started VNewsApplication in 2.13 seconds (JVM running for 2.952)
[21:45:51:215] [INFO] - org.springframework.boot.StartupInfoLogger.logStarting(StartupInfoLogger.java:48) - Starting VNewsApplication on DESKTOP-THKB929 with PID 11656 (C:\Users\123\IdeaProjects\VNews-SpringBoot-master\target\classes started by 123 in C:\Users\123\IdeaProjects\VNews-SpringBoot-master)
[21:45:51:218] [INFO] - org.springframework.boot.SpringApplication.logStartupProfileInfo(SpringApplication.java:593) - No active profile set, falling back to default profiles: default
[21:45:53:273] [INFO] - org.springframework.boot.StartupInfoLogger.logStarted(StartupInfoLogger.java:57) - Started VNewsApplication in 2.232 seconds (JVM running for 3.039)
